<?xml version="1.0" encoding="UTF-8"?>
<!-- Generated by org.testng.reporters.JUnitReportReporter -->
<testsuite hostname="DESKTOP-G14DHK4" failures="0" tests="8" name="com.qa.tests.OrangeHRMTests" time="104.624" errors="0" timestamp="2022-06-06T18:35:42 IST" skipped="0">
  <testcase classname="com.qa.tests.OrangeHRMTests" name="LogInLogOutTest" time="18.401"/>
  <system-out/>
  <testcase classname="com.qa.tests.OrangeHRMTests" name="LogInTest2" time="13.834"/>
  <system-out/>
  <testcase classname="com.qa.tests.OrangeHRMTests" name="LogInTest2" time="8.379"/>
  <system-out/>
  <testcase classname="com.qa.tests.OrangeHRMTests" name="LogInTest2" time="8.752"/>
  <system-out/>
  <testcase classname="com.qa.tests.OrangeHRMTests" name="searchUser" time="20.277"/>
  <system-out/>
  <testcase classname="com.qa.tests.OrangeHRMTests" name="LogInTest2" time="11.117"/>
  <system-out/>
  <testcase classname="com.qa.tests.OrangeHRMTests" name="LogInTest2" time="8.307"/>
  <system-out/>
  <testcase classname="com.qa.tests.OrangeHRMTests" name="LogInTest1" time="15.557"/>
  <system-out/>
</testsuite> <!-- com.qa.tests.OrangeHRMTests -->
