<?xml version="1.0" encoding="UTF-8"?>
<!-- Generated by org.testng.reporters.JUnitReportReporter -->
<testsuite hostname="DESKTOP-G14DHK4" failures="0" tests="8" name="com.qa.tests.OrangeHRMTests" time="119.120" errors="0" timestamp="2022-06-06T22:41:45 IST" skipped="0">
  <testcase classname="com.qa.tests.OrangeHRMTests" name="LogInLogOutTest" time="19.071"/>
  <system-out/>
  <testcase classname="com.qa.tests.OrangeHRMTests" name="searchUser" time="17.938"/>
  <system-out/>
  <testcase classname="com.qa.tests.OrangeHRMTests" name="LogInTest2" time="13.250"/>
  <system-out/>
  <testcase classname="com.qa.tests.OrangeHRMTests" name="LogInTest2" time="11.406"/>
  <system-out/>
  <testcase classname="com.qa.tests.OrangeHRMTests" name="LogInTest2" time="15.109"/>
  <system-out/>
  <testcase classname="com.qa.tests.OrangeHRMTests" name="LogInTest2" time="10.128"/>
  <system-out/>
  <testcase classname="com.qa.tests.OrangeHRMTests" name="LogInTest2" time="15.428"/>
  <system-out/>
  <testcase classname="com.qa.tests.OrangeHRMTests" name="LogInTest1" time="16.790"/>
  <system-out/>
</testsuite> <!-- com.qa.tests.OrangeHRMTests -->
