<?xml version="1.0" encoding="UTF-8"?>
<!-- Generated by org.testng.reporters.JUnitReportReporter -->
<testsuite hostname="DESKTOP-G14DHK4" failures="0" tests="1" name="com.qa.tests.HomePageTests" time="8.742" errors="0" timestamp="2022-05-20T11:58:55 IST" skipped="0">
  <testcase classname="com.qa.tests.HomePageTests" name="test3" time="8.742"/>
  <system-out/>
</testsuite> <!-- com.qa.tests.HomePageTests -->
