<?xml version="1.0" encoding="UTF-8"?>
<!-- Generated by org.testng.reporters.JUnitReportReporter -->
<testsuite hostname="DESKTOP-G14DHK4" failures="0" tests="2" name="com.qa.tests.LogInPageTests" time="16.205" errors="0" timestamp="2022-05-20T09:17:02 IST" skipped="0">
  <testcase classname="com.qa.tests.LogInPageTests" name="test2" time="7.958"/>
  <system-out/>
  <testcase classname="com.qa.tests.LogInPageTests" name="test1" time="8.247"/>
  <system-out/>
</testsuite> <!-- com.qa.tests.LogInPageTests -->
