<?xml version="1.0" encoding="UTF-8"?>
<!-- Generated by org.testng.reporters.JUnitReportReporter -->
<testsuite hostname="DESKTOP-G14DHK4" failures="0" tests="5" name="com.qa.tests.OrangeHRMTests" time="49.553" errors="0" timestamp="2022-06-06T20:25:47 IST" skipped="0">
  <testcase classname="com.qa.tests.OrangeHRMTests" name="LogInTest2" time="6.666"/>
  <system-out/>
  <testcase classname="com.qa.tests.OrangeHRMTests" name="LogInTest2" time="11.870"/>
  <system-out/>
  <testcase classname="com.qa.tests.OrangeHRMTests" name="LogInTest2" time="10.493"/>
  <system-out/>
  <testcase classname="com.qa.tests.OrangeHRMTests" name="LogInTest2" time="12.094"/>
  <system-out/>
  <testcase classname="com.qa.tests.OrangeHRMTests" name="LogInTest2" time="8.430"/>
  <system-out/>
</testsuite> <!-- com.qa.tests.OrangeHRMTests -->
